#
# A fatal error has been detected by the Java Runtime Environment:
#
#  SIGSEGV (0xb) at pc=0x00007fff9c2d0422, pid=84044, tid=2571
#
# JRE version: Java(TM) SE Runtime Environment (8.0_31-b13) (build 1.8.0_31-b13)
# Java VM: Java HotSpot(TM) 64-Bit Server VM (25.31-b07 mixed mode bsd-amd64 compressed oops)
# Problematic frame:
# C  [HIToolbox+0x28422]  THIThemeTextInfoPublic::GetTruncation() const+0x8
#
# Failed to write core dump. Core dumps have been disabled. To enable core dumping, try "ulimit -c unlimited" before starting Java again
#
# If you would like to submit a bug report, please visit:
#   http://bugreport.java.com/bugreport/crash.jsp
# The crash happened outside the Java Virtual Machine in native code.
# See problematic frame for where to report the bug.
#

---------------  T H R E A D  ---------------

Current thread (0x00007faccb100000):  JavaThread "AppKit Thread" daemon [_thread_in_native, id=2571, stack(0x00007fff5a7d3000,0x00007fff5afd3000)]

siginfo: si_signo: 11 (SIGSEGV), si_code: 1 (SEGV_MAPERR), si_addr: 0x0000000000000016

Registers:
RAX=0x0000000000000000, RBX=0x00007facc96492b0, RCX=0x00007fff5afcdb98, RDX=0x00007fff5afcdb90
RSP=0x00007fff5afcdc80, RBP=0x00007fff5afcdc80, RSI=0x0000000000000000, RDI=0x00007facc96492b0
R8 =0x00007facc947aa20, R9 =0x00000000ffffffff, R10=0x000000000000000d, R11=0xffffffad6e4b25e0
R12=0x00007facc96492b0, R13=0x00000000ffffff94, R14=0x00007facc9690b40, R15=0x00007facc9480110
RIP=0x00007fff9c2d0422, EFLAGS=0x0000000000010202, ERR=0x0000000000000004
  TRAPNO=0x000000000000000e

Top of Stack: (sp=0x00007fff5afcdc80)
0x00007fff5afcdc80:   00007fff5afcdcd0 00007fff9c2d0513
0x00007fff5afcdc90:   0000000000000000 0000000000000000
0x00007fff5afcdca0:   7f7fffff5afcdce0 00007facc96492b0
0x00007fff5afcdcb0:   00007facc9690b40 00007fff5afcde08
0x00007fff5afcdcc0:   00007facc96492b0 0000000000000000
0x00007fff5afcdcd0:   00007fff5afcdd10 00007fff9c2d0495
0x00007fff5afcdce0:   7f7fffff00000000 7f7fffffc96492b0
0x00007fff5afcdcf0:   00007facc96492b0 00007fff5afcde00
0x00007fff5afcdd00:   00007facc9690b40 00007fff5afcde10
0x00007fff5afcdd10:   00007fff5afcdd50 00007fff9c2d01ff
0x00007fff5afcdd20:   00007fff7b2525a0 00007facc9690b40
0x00007fff5afcdd30:   00007fff5afcdd98 00000000ffffff94
0x00007fff5afcdd40:   00007facc96492b0 00000000000003e9
0x00007fff5afcdd50:   00007fff5afcddf0 00007fff9c2cef4f
0x00007fff5afcdd60:   00007facc9460690 47efffffe0000000
0x00007fff5afcdd70:   00007fff5afcde08 00007fff5afcde10
0x00007fff5afcdd80:   00007fff5afcde00 00007facc942e8d0
0x00007fff5afcdd90:   0000000000000002 0000000000000000
0x00007fff5afcdda0:   00007fff00000001 00007fff9c2b320d
0x00007fff5afcddb0:   0000000000000000 00007fff5afcde2e
0x00007fff5afcddc0:   0000000000000000 0000000000000000
0x00007fff5afcddd0:   0000000000000001 00007facc9458550
0x00007fff5afcdde0:   0000000000000000 00007fff5afcde90
0x00007fff5afcddf0:   00007fff5afcde30 00007fff9c2cee03
0x00007fff5afcde00:   0000000000000000 00007fff5afcde2e
0x00007fff5afcde10:   00007fff5afcde30 00007facc942e460
0x00007fff5afcde20:   00007facc96689f0 0000000000000001
0x00007fff5afcde30:   00007fff5afcdec0 00007fff9c2ce90b
0x00007fff5afcde40:   00007facc968eec0 0000000100000000
0x00007fff5afcde50:   00000000000003e9 0002000200000000
0x00007fff5afcde60:   0000000000010000 0000000000000000
0x00007fff5afcde70:   00007fff5afcdea0 0000000000000000 

Instructions: (pc=0x00007fff9c2d0422)
0x00007fff9c2d0402:   85 c0 b8 02 00 00 00 0f 45 c1 eb 06 41 0f b6 c6
0x00007fff9c2d0412:   01 c0 5b 41 5e 5d c3 90 55 48 89 e5 48 8b 47 08
0x00007fff9c2d0422:   8b 40 16 5d c3 90 55 48 89 e5 48 8b 47 08 8b 40
0x00007fff9c2d0432:   1a 5d c3 90 55 48 89 e5 41 57 41 56 41 54 53 48 

Register to memory mapping:

RAX=0x0000000000000000 is an unknown value
RBX=0x00007facc96492b0 is an unknown value
RCX=0x00007fff5afcdb98 is pointing into the stack for thread: 0x00007faccb100000
RDX=0x00007fff5afcdb90 is pointing into the stack for thread: 0x00007faccb100000
RSP=0x00007fff5afcdc80 is pointing into the stack for thread: 0x00007faccb100000
RBP=0x00007fff5afcdc80 is pointing into the stack for thread: 0x00007faccb100000
RSI=0x0000000000000000 is an unknown value
RDI=0x00007facc96492b0 is an unknown value
R8 =0x00007facc947aa20 is an unknown value
R9 =0x00000000ffffffff is an unknown value
R10=0x000000000000000d is an unknown value
R11=0xffffffad6e4b25e0 is an unknown value
R12=0x00007facc96492b0 is an unknown value
R13=0x00000000ffffff94 is an unknown value
R14=0x00007facc9690b40 is an unknown value
R15=0x00007facc9480110 is an unknown value


Stack: [0x00007fff5a7d3000,0x00007fff5afd3000],  sp=0x00007fff5afcdc80,  free space=8171k
Native frames: (J=compiled Java code, j=interpreted, Vv=VM code, C=native code)
C  [HIToolbox+0x28422]  THIThemeTextInfoPublic::GetTruncation() const+0x8
C  [HIToolbox+0x28513]  TCoreTextEngine::LayoutSingleLine(THIThemeTextInfo*, float)+0x41
C  [HIToolbox+0x28495]  TCoreTextEngine::Layout(THIThemeTextInfo*, float, float, TextLayoutType)+0x5f
C  [HIToolbox+0x281ff]  TCoreTextEngine::GetThemeTextDimensions(double, THIThemeTextInfo*, double*, double*, double*)+0x2b
C  [HIToolbox+0x26f4f]  DataEngine::GetTextDimensions(void const*, double, HIThemeTextInfo*, double*, double*, double*)+0x11d
C  [HIToolbox+0x26e03]  HIThemeGetTextDimensions+0xbf
C  [HIToolbox+0x2690b]  HIMenuBarView::MeasureMenuTitle(MenuData*, unsigned char, float*, int)+0x1cb
C  [HIToolbox+0x26688]  HIMenuBarView::MeasureAppMenus()+0xec
C  [HIToolbox+0x2626b]  HIMenuBarView::EnsureBarLayout()+0x1d3
C  [HIToolbox+0x25966]  HIMenuBarView::DrawOnce(CGRect, CGRect, bool, bool, CGContext*)+0x20e
C  [HIToolbox+0x2565b]  HIMenuBarView::DrawSelf(short, __HIShape const*, CGContext*)+0x22f
C  [HIToolbox+0x250a2]  HIMenuBarView::DrawWithoutCustomization(short, __HIShape const*, CGContext*)+0x52
C  [HIToolbox+0x25041]  HIMenuBarView::DrawingDelegateHandler(OpaqueEventHandlerCallRef*, OpaqueEventRef*, void*)+0xf9
C  [HIToolbox+0x87be]  DispatchEventToHandlers(EventTargetRec*, OpaqueEventRef*, HandlerCallRec*)+0x4cf
C  [HIToolbox+0x7c48]  SendEventToEventTargetInternal(OpaqueEventRef*, OpaqueEventTargetRef*, HandlerCallRec*)+0x194
C  [HIToolbox+0x7aab]  SendEventToEventTargetWithOptions+0x2b
C  [HIToolbox+0x24c07]  HIView::SendDraw(short, OpaqueGrafPtr*, __HIShape const*, CGContext*)+0x151
C  [HIToolbox+0x24589]  HIView::RecursiveDrawComposited(__HIShape const*, __HIShape const*, unsigned int, HIView*, CGContext*, unsigned char, double)+0x22d
C  [HIToolbox+0x24869]  HIView::RecursiveDrawComposited(__HIShape const*, __HIShape const*, unsigned int, HIView*, CGContext*, unsigned char, double)+0x50d
C  [HIToolbox+0x2401d]  HIView::DrawComposited(short, OpaqueGrafPtr*, __HIShape const*, unsigned int, HIView*, CGContext*)+0x407
C  [HIToolbox+0x23c10]  HIView::Render(unsigned int, CGContext*)+0x36
C  [HIToolbox+0x39d4e]  FlushWindowObject(WindowData*, void**, unsigned char)+0x303
C  [HIToolbox+0x3971d]  FlushAllBuffers(__CFRunLoopObserver*, unsigned long, void*)+0xe5
C  [CoreFoundation+0xaa067]  __CFRUNLOOP_IS_CALLING_OUT_TO_AN_OBSERVER_CALLBACK_FUNCTION__+0x17
C  [CoreFoundation+0xa9fd7]  __CFRunLoopDoObservers+0x187
C  [CoreFoundation+0x88ebf]  CFRunLoopRunSpecific+0x10f
C  [HIToolbox+0x30935]  RunCurrentEventLoopInMode+0xeb
C  [HIToolbox+0x3076f]  ReceiveNextEventCommon+0x1b0
C  [HIToolbox+0x305af]  _BlockUntilNextEventMatchingListInModeWithFilter+0x47
C  [AppKit+0x48efa]  _DPSNextEvent+0x42b
C  [AppKit+0x4832a]  -[NSApplication _nextEventMatchingEventMask:untilDate:inMode:dequeue:]+0x1c6
C  [libosxapp.dylib+0x242a]  -[NSApplicationAWT nextEventMatchingMask:untilDate:inMode:dequeue:]+0x7c
C  [AppKit+0x3ce84]  -[NSApplication run]+0x2aa
C  [libosxapp.dylib+0x223e]  +[NSApplicationAWT runAWTLoopWithApp:]+0x9c
C  [libawt_lwawt.dylib+0x4494f]  -[AWTStarter starter:]+0x389
C  [Foundation+0x76f5e]  __NSThreadPerformPerform+0x117
C  [CoreFoundation+0xaa881]  __CFRUNLOOP_IS_CALLING_OUT_TO_A_SOURCE0_PERFORM_FUNCTION__+0x11
C  [CoreFoundation+0x89fbc]  __CFRunLoopDoSources0+0x22c
C  [CoreFoundation+0x894df]  __CFRunLoopRun+0x39f
C  [CoreFoundation+0x88ed8]  CFRunLoopRunSpecific+0x128
C  [java+0x56cc]  CreateExecutionEnvironment+0x367
C  [java+0x165c]  JLI_Launch+0x7a0
C  [java+0x768a]  main+0x65
C  [java+0xeb4]  start+0x34
C  0x0000000000000008


---------------  P R O C E S S  ---------------

Java Threads: ( => current thread )
  0x00007facc9a9a000 JavaThread "AWT-EventQueue-0" [_thread_blocked, id=53767, stack(0x00007000016e2000,0x00007000017e2000)]
  0x00007facca182800 JavaThread "Image Fetcher 0" daemon [_thread_blocked, id=50187, stack(0x000070000155c000,0x000070000165c000)]
  0x00007facc99b1000 JavaThread "Java2D Disposer" daemon [_thread_blocked, id=49687, stack(0x0000700001459000,0x0000700001559000)]
  0x00007facca88c800 JavaThread "Java2D Queue Flusher" daemon [_thread_blocked, id=46343, stack(0x0000700001356000,0x0000700001456000)]
  0x00007facca876000 JavaThread "AWT-Shutdown" [_thread_blocked, id=30223, stack(0x00007000011d0000,0x00007000012d0000)]
=>0x00007faccb100000 JavaThread "AppKit Thread" daemon [_thread_in_native, id=2571, stack(0x00007fff5a7d3000,0x00007fff5afd3000)]
  0x00007facca84f800 JavaThread "Monitor Ctrl-Break" daemon [_thread_in_native, id=19715, stack(0x000070000104a000,0x000070000114a000)]
  0x00007facca821800 JavaThread "Service Thread" daemon [_thread_blocked, id=18691, stack(0x0000700000e44000,0x0000700000f44000)]
  0x00007facca014000 JavaThread "C1 CompilerThread2" daemon [_thread_blocked, id=18179, stack(0x0000700000d41000,0x0000700000e41000)]
  0x00007facca821000 JavaThread "C2 CompilerThread1" daemon [_thread_blocked, id=17667, stack(0x0000700000c3e000,0x0000700000d3e000)]
  0x00007faccb029000 JavaThread "C2 CompilerThread0" daemon [_thread_blocked, id=17155, stack(0x0000700000b3b000,0x0000700000c3b000)]
  0x00007faccb028000 JavaThread "Signal Dispatcher" daemon [_thread_blocked, id=13071, stack(0x0000700000a38000,0x0000700000b38000)]
  0x00007facca00e800 JavaThread "Finalizer" daemon [_thread_blocked, id=11779, stack(0x000070000082f000,0x000070000092f000)]
  0x00007facca006800 JavaThread "Reference Handler" daemon [_thread_blocked, id=11267, stack(0x000070000072c000,0x000070000082c000)]
  0x00007facc980f000 JavaThread "main" [_thread_in_native, id=4099, stack(0x0000700000084000,0x0000700000184000)]

Other Threads:
  0x00007facca816000 VMThread [stack: 0x0000700000629000,0x0000700000729000] [id=10755]
  0x00007facca01c800 WatcherThread [stack: 0x0000700000f47000,0x0000700001047000] [id=19203]

VM state:not at safepoint (normal execution)

VM Mutex/Monitor currently owned by a thread: None

Heap:
 PSYoungGen      total 76288K, used 16763K [0x000000076ab00000, 0x0000000770000000, 0x00000007c0000000)
  eden space 65536K, 25% used [0x000000076ab00000,0x000000076bb5ee20,0x000000076eb00000)
  from space 10752K, 0% used [0x000000076f580000,0x000000076f580000,0x0000000770000000)
  to   space 10752K, 0% used [0x000000076eb00000,0x000000076eb00000,0x000000076f580000)
 ParOldGen       total 175104K, used 0K [0x00000006c0000000, 0x00000006cab00000, 0x000000076ab00000)
  object space 175104K, 0% used [0x00000006c0000000,0x00000006c0000000,0x00000006cab00000)
 Metaspace       used 9580K, capacity 9700K, committed 9856K, reserved 1058816K
  class space    used 1110K, capacity 1150K, committed 1152K, reserved 1048576K

Card table byte_map: [0x00000001165c0000,0x0000000116dc1000] byte_map_base: 0x0000000112fc0000

Marking Bits: (ParMarkBitMap*) 0x0000000106186410
 Begin Bits: [0x0000000117317000, 0x000000011b317000)
 End Bits:   [0x000000011b317000, 0x000000011f317000)

Polling page: 0x0000000104c4c000

CodeCache: size=245760Kb used=2232Kb max_used=2232Kb free=243527Kb
 bounds [0x0000000107200000, 0x0000000107470000, 0x0000000116200000]
 total_blobs=881 nmethods=395 adapters=401
 compilation: enabled

Compilation events (10 events):
Event: 1.471 Thread 0x00007facca014000 nmethod 390 0x0000000107425650 code [0x0000000107425980, 0x0000000107427158]
Event: 1.471 Thread 0x00007facca014000  392       1       java.util.HashMap$Node::getValue (5 bytes)
Event: 1.471 Thread 0x00007facca014000 nmethod 392 0x0000000107424f90 code [0x00000001074250e0, 0x00000001074251f0]
Event: 1.471 Thread 0x00007facca014000  393       3       java.util.LinkedHashMap::newNode (23 bytes)
Event: 1.471 Thread 0x00007facca014000 nmethod 393 0x0000000107424790 code [0x0000000107424920, 0x0000000107424d70]
Event: 1.472 Thread 0x00007facca821000 nmethod 391 0x000000010742ad10 code [0x000000010742ae60, 0x000000010742aff8]
Event: 1.474 Thread 0x00007facca014000  395   !   3       sun.misc.URLClassPath$JarLoader::getResource (349 bytes)
Event: 1.477 Thread 0x00007facca014000 nmethod 395 0x000000010742b150 code [0x000000010742b5c0, 0x000000010742d8f8]
Event: 1.478 Thread 0x00007facca014000  394       3       java.util.HashMap::resize (359 bytes)
Event: 1.479 Thread 0x00007facca014000 nmethod 394 0x0000000107429110 code [0x0000000107429360, 0x000000010742a5a8]

GC Heap History (0 events):
No events

Deoptimization events (0 events):
No events

Internal exceptions (10 events):
Event: 0.914 Thread 0x00007facc980f000 Exception <a 'java/security/PrivilegedActionException'> (0x000000076b556c00) thrown at [/Users/java_re/workspace/8-2-build-macosx-x86_64/jdk8u31/2394/hotspot/src/share/vm/prims/jvm.cpp, line 1312]
Event: 0.916 Thread 0x00007facc980f000 Exception <a 'java/security/PrivilegedActionException'> (0x000000076b55cd10) thrown at [/Users/java_re/workspace/8-2-build-macosx-x86_64/jdk8u31/2394/hotspot/src/share/vm/prims/jvm.cpp, line 1312]
Event: 1.032 Thread 0x00007facc980f000 Exception <a 'java/security/PrivilegedActionException'> (0x000000076b5a3b18) thrown at [/Users/java_re/workspace/8-2-build-macosx-x86_64/jdk8u31/2394/hotspot/src/share/vm/prims/jvm.cpp, line 1312]
Event: 1.032 Thread 0x00007facc980f000 Exception <a 'java/security/PrivilegedActionException'> (0x000000076b5a7ae8) thrown at [/Users/java_re/workspace/8-2-build-macosx-x86_64/jdk8u31/2394/hotspot/src/share/vm/prims/jvm.cpp, line 1312]
Event: 1.037 Thread 0x00007facc980f000 Exception <a 'java/security/PrivilegedActionException'> (0x000000076b5ae738) thrown at [/Users/java_re/workspace/8-2-build-macosx-x86_64/jdk8u31/2394/hotspot/src/share/vm/prims/jvm.cpp, line 1312]
Event: 1.038 Thread 0x00007facc980f000 Exception <a 'java/security/PrivilegedActionException'> (0x000000076b5b2850) thrown at [/Users/java_re/workspace/8-2-build-macosx-x86_64/jdk8u31/2394/hotspot/src/share/vm/prims/jvm.cpp, line 1312]
Event: 1.045 Thread 0x00007facc980f000 Exception <a 'java/security/PrivilegedActionException'> (0x000000076b5c1a48) thrown at [/Users/java_re/workspace/8-2-build-macosx-x86_64/jdk8u31/2394/hotspot/src/share/vm/prims/jvm.cpp, line 1312]
Event: 1.045 Thread 0x00007facc980f000 Exception <a 'java/security/PrivilegedActionException'> (0x000000076b5c6ce0) thrown at [/Users/java_re/workspace/8-2-build-macosx-x86_64/jdk8u31/2394/hotspot/src/share/vm/prims/jvm.cpp, line 1312]
Event: 1.437 Thread 0x00007facc980f000 Exception <a 'java/security/PrivilegedActionException'> (0x000000076b60e4d8) thrown at [/Users/java_re/workspace/8-2-build-macosx-x86_64/jdk8u31/2394/hotspot/src/share/vm/prims/jvm.cpp, line 1312]
Event: 1.438 Thread 0x00007facc980f000 Exception <a 'java/security/PrivilegedActionException'> (0x000000076b614780) thrown at [/Users/java_re/workspace/8-2-build-macosx-x86_64/jdk8u31/2394/hotspot/src/share/vm/prims/jvm.cpp, line 1312]

Events (10 events):
Event: 1.473 loading class java/io/DeleteOnExitHook
Event: 1.473 loading class java/io/DeleteOnExitHook done
Event: 1.473 loading class java/io/DeleteOnExitHook$1
Event: 1.473 loading class java/io/DeleteOnExitHook$1 done
Event: 1.473 loading class java/lang/Shutdown
Event: 1.473 loading class java/lang/Shutdown done
Event: 1.473 loading class java/lang/Shutdown$Lock
Event: 1.473 loading class java/lang/Shutdown$Lock done
Event: 1.479 loading class java/io/FileOutputStream$1
Event: 1.479 loading class java/io/FileOutputStream$1 done


Dynamic libraries:
0x0000000006e68000 	/System/Library/Frameworks/Cocoa.framework/Versions/A/Cocoa
0x0000000104c4d000 	/System/Library/Frameworks/Security.framework/Versions/A/Security
0x0000000006e68000 	/System/Library/Frameworks/ApplicationServices.framework/Versions/A/ApplicationServices
0x0000000006e68000 	/usr/lib/libz.1.dylib
0x0000000006e68000 	/usr/lib/libSystem.B.dylib
0x0000000006e68000 	/usr/lib/libobjc.A.dylib
0x0000000006e68000 	/System/Library/Frameworks/CoreFoundation.framework/Versions/A/CoreFoundation
0x0000000006e68000 	/System/Library/Frameworks/Foundation.framework/Versions/C/Foundation
0x0000000006e68000 	/System/Library/Frameworks/AppKit.framework/Versions/C/AppKit
0x0000000006e68000 	/System/Library/Frameworks/CoreData.framework/Versions/A/CoreData
0x0000000006e68000 	/System/Library/PrivateFrameworks/RemoteViewServices.framework/Versions/A/RemoteViewServices
0x0000000006e68000 	/System/Library/PrivateFrameworks/UIFoundation.framework/Versions/A/UIFoundation
0x0000000006e68000 	/usr/lib/libScreenReader.dylib
0x0000000006e68000 	/System/Library/Frameworks/Accelerate.framework/Versions/A/Accelerate
0x0000000006e68000 	/System/Library/Frameworks/IOSurface.framework/Versions/A/IOSurface
0x0000000006e68000 	/System/Library/Frameworks/AudioToolbox.framework/Versions/A/AudioToolbox
0x0000000006e68000 	/System/Library/Frameworks/AudioUnit.framework/Versions/A/AudioUnit
0x0000000006e68000 	/System/Library/PrivateFrameworks/DataDetectorsCore.framework/Versions/A/DataDetectorsCore
0x0000000006e68000 	/System/Library/PrivateFrameworks/DesktopServicesPriv.framework/Versions/A/DesktopServicesPriv
0x0000000006e68000 	/System/Library/Frameworks/Carbon.framework/Versions/A/Frameworks/HIToolbox.framework/Versions/A/HIToolbox
0x0000000006e68000 	/System/Library/Frameworks/QuartzCore.framework/Versions/A/QuartzCore
0x0000000006e68000 	/System/Library/Frameworks/Carbon.framework/Versions/A/Frameworks/SpeechRecognition.framework/Versions/A/SpeechRecognition
0x0000000006e68000 	/usr/lib/libauto.dylib
0x0000000006e68000 	/usr/lib/libicucore.A.dylib
0x0000000006e68000 	/usr/lib/libxml2.2.dylib
0x0000000006e68000 	/System/Library/PrivateFrameworks/CoreUI.framework/Versions/A/CoreUI
0x0000000006e68000 	/System/Library/Frameworks/CoreAudio.framework/Versions/A/CoreAudio
0x0000000006e68000 	/System/Library/Frameworks/DiskArbitration.framework/Versions/A/DiskArbitration
0x0000000006e68000 	/usr/lib/liblangid.dylib
0x0000000006e68000 	/System/Library/PrivateFrameworks/MultitouchSupport.framework/Versions/A/MultitouchSupport
0x0000000006e68000 	/System/Library/Frameworks/IOKit.framework/Versions/A/IOKit
0x0000000006e68000 	/usr/lib/libDiagnosticMessagesClient.dylib
0x0000000006e68000 	/System/Library/Frameworks/CoreServices.framework/Versions/A/CoreServices
0x0000000006e68000 	/System/Library/PrivateFrameworks/PerformanceAnalysis.framework/Versions/A/PerformanceAnalysis
0x0000000006e68000 	/System/Library/PrivateFrameworks/GenerationalStorage.framework/Versions/A/GenerationalStorage
0x0000000006e68000 	/System/Library/Frameworks/OpenGL.framework/Versions/A/OpenGL
0x0000000006e68000 	/System/Library/PrivateFrameworks/Sharing.framework/Versions/A/Sharing
0x0000000006e68000 	/System/Library/Frameworks/CoreGraphics.framework/Versions/A/CoreGraphics
0x0000000006e68000 	/System/Library/Frameworks/CoreImage.framework/Versions/A/CoreImage
0x0000000006e68000 	/System/Library/Frameworks/CoreText.framework/Versions/A/CoreText
0x0000000006e68000 	/System/Library/Frameworks/ImageIO.framework/Versions/A/ImageIO
0x0000000006e68000 	/System/Library/PrivateFrameworks/Backup.framework/Versions/A/Backup
0x0000000006e68000 	/usr/lib/libextension.dylib
0x0000000006e68000 	/usr/lib/libarchive.2.dylib
0x0000000105066000 	/System/Library/Frameworks/CFNetwork.framework/Versions/A/CFNetwork
0x0000000006e68000 	/System/Library/Frameworks/SystemConfiguration.framework/Versions/A/SystemConfiguration
0x0000000006e68000 	/usr/lib/libCRFSuite.dylib
0x0000000006e68000 	/usr/lib/libc++.1.dylib
0x0000000006e68000 	/usr/lib/libc++abi.dylib
0x0000000006e68000 	/usr/lib/system/libcache.dylib
0x0000000006e68000 	/usr/lib/system/libcommonCrypto.dylib
0x0000000006e68000 	/usr/lib/system/libcompiler_rt.dylib
0x0000000006e68000 	/usr/lib/system/libcopyfile.dylib
0x0000000006e68000 	/usr/lib/system/libcorecrypto.dylib
0x0000000006e68000 	/usr/lib/system/libdispatch.dylib
0x0000000006e68000 	/usr/lib/system/libdyld.dylib
0x0000000006e68000 	/usr/lib/system/libkeymgr.dylib
0x00000001054df000 	/usr/lib/system/liblaunch.dylib
0x0000000006e68000 	/usr/lib/system/libmacho.dylib
0x0000000006e68000 	/usr/lib/system/libquarantine.dylib
0x0000000006e68000 	/usr/lib/system/libremovefile.dylib
0x0000000006e68000 	/usr/lib/system/libsystem_asl.dylib
0x0000000006e68000 	/usr/lib/system/libsystem_blocks.dylib
0x0000000006e68000 	/usr/lib/system/libsystem_c.dylib
0x0000000006e68000 	/usr/lib/system/libsystem_configuration.dylib
0x0000000006e68000 	/usr/lib/system/libsystem_coreservices.dylib
0x0000000006e68000 	/usr/lib/system/libsystem_coretls.dylib
0x0000000006e68000 	/usr/lib/system/libsystem_dnssd.dylib
0x0000000006e68000 	/usr/lib/system/libsystem_info.dylib
0x0000000006e68000 	/usr/lib/system/libsystem_kernel.dylib
0x0000000006e68000 	/usr/lib/system/libsystem_m.dylib
0x0000000006e68000 	/usr/lib/system/libsystem_malloc.dylib
0x0000000006e68000 	/usr/lib/system/libsystem_network.dylib
0x0000000006e68000 	/usr/lib/system/libsystem_networkextension.dylib
0x0000000006e68000 	/usr/lib/system/libsystem_notify.dylib
0x0000000006e68000 	/usr/lib/system/libsystem_platform.dylib
0x0000000006e68000 	/usr/lib/system/libsystem_pthread.dylib
0x00000001054eb000 	/usr/lib/system/libsystem_sandbox.dylib
0x0000000006e68000 	/usr/lib/system/libsystem_secinit.dylib
0x0000000006e68000 	/usr/lib/system/libsystem_trace.dylib
0x0000000006e68000 	/usr/lib/system/libunc.dylib
0x0000000006e68000 	/usr/lib/system/libunwind.dylib
0x00000001054f6000 	/usr/lib/system/libxpc.dylib
0x0000000006e68000 	/usr/lib/libenergytrace.dylib
0x0000000006e68000 	/usr/lib/libbsm.0.dylib
0x0000000006e68000 	/usr/lib/system/libkxld.dylib
0x0000000006e68000 	/usr/lib/libxar.1.dylib
0x0000000105540000 	/usr/lib/libsqlite3.dylib
0x0000000006e68000 	/usr/lib/libpam.2.dylib
0x0000000006e68000 	/usr/lib/libOpenScriptingUtil.dylib
0x0000000006e68000 	/usr/lib/libbz2.1.0.dylib
0x0000000006e68000 	/usr/lib/liblzma.5.dylib
0x0000000006e68000 	/System/Library/Frameworks/CoreServices.framework/Versions/A/Frameworks/FSEvents.framework/Versions/A/FSEvents
0x0000000006e68000 	/System/Library/Frameworks/CoreServices.framework/Versions/A/Frameworks/CarbonCore.framework/Versions/A/CarbonCore
0x0000000006e68000 	/System/Library/Frameworks/CoreServices.framework/Versions/A/Frameworks/Metadata.framework/Versions/A/Metadata
0x0000000006e68000 	/System/Library/Frameworks/CoreServices.framework/Versions/A/Frameworks/OSServices.framework/Versions/A/OSServices
0x0000000006e68000 	/System/Library/Frameworks/CoreServices.framework/Versions/A/Frameworks/SearchKit.framework/Versions/A/SearchKit
0x0000000006e68000 	/System/Library/Frameworks/CoreServices.framework/Versions/A/Frameworks/AE.framework/Versions/A/AE
0x0000000006e68000 	/System/Library/Frameworks/CoreServices.framework/Versions/A/Frameworks/LaunchServices.framework/Versions/A/LaunchServices
0x0000000006e68000 	/System/Library/Frameworks/CoreServices.framework/Versions/A/Frameworks/DictionaryServices.framework/Versions/A/DictionaryServices
0x0000000006e68000 	/System/Library/Frameworks/CoreServices.framework/Versions/A/Frameworks/SharedFileList.framework/Versions/A/SharedFileList
0x0000000006e68000 	/System/Library/Frameworks/NetFS.framework/Versions/A/NetFS
0x0000000006e68000 	/System/Library/PrivateFrameworks/NetAuth.framework/Versions/A/NetAuth
0x0000000006e68000 	/System/Library/PrivateFrameworks/login.framework/Versions/A/Frameworks/loginsupport.framework/Versions/A/loginsupport
0x0000000006e68000 	/System/Library/PrivateFrameworks/TCC.framework/Versions/A/TCC
0x0000000006e68000 	/usr/lib/libmecabra.dylib
0x0000000006e68000 	/System/Library/Frameworks/ApplicationServices.framework/Versions/A/Frameworks/ATS.framework/Versions/A/ATS
0x0000000006e68000 	/System/Library/Frameworks/ApplicationServices.framework/Versions/A/Frameworks/ColorSync.framework/Versions/A/ColorSync
0x0000000006e68000 	/System/Library/Frameworks/ApplicationServices.framework/Versions/A/Frameworks/HIServices.framework/Versions/A/HIServices
0x0000000006e68000 	/System/Library/Frameworks/ApplicationServices.framework/Versions/A/Frameworks/LangAnalysis.framework/Versions/A/LangAnalysis
0x0000000006e68000 	/System/Library/Frameworks/ApplicationServices.framework/Versions/A/Frameworks/PrintCore.framework/Versions/A/PrintCore
0x0000000006e68000 	/System/Library/Frameworks/ApplicationServices.framework/Versions/A/Frameworks/QD.framework/Versions/A/QD
0x0000000006e68000 	/System/Library/Frameworks/ApplicationServices.framework/Versions/A/Frameworks/SpeechSynthesis.framework/Versions/A/SpeechSynthesis
0x0000000006e68000 	/System/Library/Frameworks/Metal.framework/Versions/A/Metal
0x0000000006e68000 	/System/Library/Frameworks/Accelerate.framework/Versions/A/Frameworks/vImage.framework/Versions/A/vImage
0x0000000006e68000 	/System/Library/Frameworks/Accelerate.framework/Versions/A/Frameworks/vecLib.framework/Versions/A/vecLib
0x0000000006e68000 	/System/Library/Frameworks/Accelerate.framework/Versions/A/Frameworks/vecLib.framework/Versions/A/libvDSP.dylib
0x0000000006e68000 	/System/Library/Frameworks/Accelerate.framework/Versions/A/Frameworks/vecLib.framework/Versions/A/libvMisc.dylib
0x0000000006e68000 	/System/Library/Frameworks/Accelerate.framework/Versions/A/Frameworks/vecLib.framework/Versions/A/libLAPACK.dylib
0x0000000006e68000 	/System/Library/Frameworks/Accelerate.framework/Versions/A/Frameworks/vecLib.framework/Versions/A/libBLAS.dylib
0x0000000006e68000 	/System/Library/Frameworks/Accelerate.framework/Versions/A/Frameworks/vecLib.framework/Versions/A/libLinearAlgebra.dylib
0x0000000006e68000 	/System/Library/Frameworks/Accelerate.framework/Versions/A/Frameworks/vecLib.framework/Versions/A/libSparseBLAS.dylib
0x0000000006e68000 	/System/Library/PrivateFrameworks/GPUCompiler.framework/libmetal_timestamp.dylib
0x0000000006e68000 	/System/Library/Frameworks/OpenGL.framework/Versions/A/Libraries/libCoreFSCache.dylib
0x0000000006e68000 	/System/Library/PrivateFrameworks/IOAccelerator.framework/Versions/A/IOAccelerator
0x0000000006e68000 	/System/Library/Frameworks/ApplicationServices.framework/Versions/A/Frameworks/ATS.framework/Versions/A/Resources/libFontParser.dylib
0x0000000006e68000 	/System/Library/Frameworks/ApplicationServices.framework/Versions/A/Frameworks/ATS.framework/Versions/A/Resources/libFontRegistry.dylib
0x0000000006e68000 	/System/Library/PrivateFrameworks/AppleVPA.framework/Versions/A/AppleVPA
0x0000000006e68000 	/System/Library/PrivateFrameworks/AppleJPEG.framework/Versions/A/AppleJPEG
0x0000000006e68000 	/System/Library/Frameworks/ImageIO.framework/Versions/A/Resources/libJPEG.dylib
0x0000000006e68000 	/System/Library/Frameworks/ImageIO.framework/Versions/A/Resources/libTIFF.dylib
0x0000000006e68000 	/System/Library/Frameworks/ImageIO.framework/Versions/A/Resources/libPng.dylib
0x0000000006e68000 	/System/Library/Frameworks/ImageIO.framework/Versions/A/Resources/libGIF.dylib
0x0000000006e68000 	/System/Library/Frameworks/ImageIO.framework/Versions/A/Resources/libJP2.dylib
0x0000000006e68000 	/System/Library/Frameworks/ImageIO.framework/Versions/A/Resources/libRadiance.dylib
0x0000000006e68000 	/System/Library/Frameworks/CoreVideo.framework/Versions/A/CoreVideo
0x0000000006e68000 	/System/Library/Frameworks/OpenGL.framework/Versions/A/Libraries/libGLU.dylib
0x0000000006e68000 	/System/Library/Frameworks/OpenGL.framework/Versions/A/Libraries/libGFXShared.dylib
0x0000000006e68000 	/System/Library/Frameworks/OpenGL.framework/Versions/A/Libraries/libGL.dylib
0x0000000006e68000 	/System/Library/Frameworks/OpenGL.framework/Versions/A/Libraries/libGLImage.dylib
0x0000000006e68000 	/System/Library/Frameworks/OpenGL.framework/Versions/A/Libraries/libCVMSPluginSupport.dylib
0x0000000006e68000 	/System/Library/Frameworks/OpenGL.framework/Versions/A/Libraries/libCoreVMClient.dylib
0x0000000006e68000 	/usr/lib/libcups.2.dylib
0x0000000006e68000 	/System/Library/Frameworks/Kerberos.framework/Versions/A/Kerberos
0x0000000006e68000 	/System/Library/Frameworks/GSS.framework/Versions/A/GSS
0x0000000006e68000 	/usr/lib/libresolv.9.dylib
0x0000000006e68000 	/usr/lib/libiconv.2.dylib
0x0000000006e68000 	/System/Library/PrivateFrameworks/Heimdal.framework/Versions/A/Heimdal
0x0000000006e68000 	/usr/lib/libheimdal-asn1.dylib
0x0000000006e68000 	/System/Library/Frameworks/OpenDirectory.framework/Versions/A/OpenDirectory
0x0000000006e68000 	/System/Library/PrivateFrameworks/CommonAuth.framework/Versions/A/CommonAuth
0x0000000006e68000 	/System/Library/Frameworks/OpenDirectory.framework/Versions/A/Frameworks/CFOpenDirectory.framework/Versions/A/CFOpenDirectory
0x0000000006e68000 	/System/Library/Frameworks/SecurityFoundation.framework/Versions/A/SecurityFoundation
0x0000000006e68000 	/System/Library/PrivateFrameworks/LanguageModeling.framework/Versions/A/LanguageModeling
0x0000000006e68000 	/usr/lib/libmarisa.dylib
0x0000000006e68000 	/usr/lib/libChineseTokenizer.dylib
0x0000000006e68000 	/usr/lib/libcmph.dylib
0x0000000006e68000 	/usr/lib/libcompression.dylib
0x0000000105683000 	/System/Library/Frameworks/ServiceManagement.framework/Versions/A/ServiceManagement
0x0000000006e68000 	/usr/lib/libxslt.1.dylib
0x0000000006e68000 	/System/Library/Frameworks/Carbon.framework/Versions/A/Frameworks/Ink.framework/Versions/A/Ink
0x0000000006e68000 	/usr/lib/libFosl_dynamic.dylib
0x0000000006e68000 	/System/Library/PrivateFrameworks/FaceCore.framework/Versions/A/FaceCore
0x0000000006e68000 	/System/Library/Frameworks/OpenCL.framework/Versions/A/OpenCL
0x0000000006e68000 	/System/Library/PrivateFrameworks/CrashReporterSupport.framework/Versions/A/CrashReporterSupport
0x0000000006e68000 	/System/Library/PrivateFrameworks/IconServices.framework/Versions/A/IconServices
0x0000000006e68000 	/System/Library/PrivateFrameworks/Apple80211.framework/Versions/A/Apple80211
0x0000000006e68000 	/System/Library/Frameworks/CoreWLAN.framework/Versions/A/CoreWLAN
0x0000000006e68000 	/System/Library/Frameworks/IOBluetooth.framework/Versions/A/IOBluetooth
0x0000000006e68000 	/System/Library/PrivateFrameworks/CoreWiFi.framework/Versions/A/CoreWiFi
0x0000000006e68000 	/System/Library/Frameworks/CoreBluetooth.framework/Versions/A/CoreBluetooth
0x0000000006e68000 	/System/Library/PrivateFrameworks/ChunkingLibrary.framework/Versions/A/ChunkingLibrary
0x0000000006e68000 	/System/Library/PrivateFrameworks/DebugSymbols.framework/Versions/A/DebugSymbols
0x0000000006e68000 	/System/Library/PrivateFrameworks/CoreSymbolication.framework/Versions/A/CoreSymbolication
0x0000000006e68000 	/System/Library/PrivateFrameworks/Symbolication.framework/Versions/A/Symbolication
0x0000000006e68000 	/System/Library/PrivateFrameworks/SpeechRecognitionCore.framework/Versions/A/SpeechRecognitionCore
0x00000001058e8000 	/Library/Java/JavaVirtualMachines/jdk1.8.0_31.jdk/Contents/Home/jre/lib/server/libjvm.dylib
0x0000000106807000 	/usr/lib/libstdc++.6.dylib
0x00000001068be000 	/Library/Java/JavaVirtualMachines/jdk1.8.0_31.jdk/Contents/Home/jre/lib/libverify.dylib
0x00000001068cc000 	/Library/Java/JavaVirtualMachines/jdk1.8.0_31.jdk/Contents/Home/jre/lib/libjava.dylib
0x0000000106908000 	/Library/Java/JavaVirtualMachines/jdk1.8.0_31.jdk/Contents/Home/jre/lib/libzip.dylib
0x00000001069e4000 	/System/Library/Frameworks/JavaVM.framework/Frameworks/JavaRuntimeSupport.framework/JavaRuntimeSupport
0x0000000121560000 	/System/Library/Frameworks/JavaVM.framework/Versions/A/Frameworks/JavaNativeFoundation.framework/Versions/A/JavaNativeFoundation
0x0000000121575000 	/System/Library/Frameworks/JavaVM.framework/Versions/A/JavaVM
0x0000000006e68000 	/System/Library/Frameworks/Carbon.framework/Versions/A/Carbon
0x0000000121582000 	/System/Library/PrivateFrameworks/JavaLaunching.framework/Versions/A/JavaLaunching
0x0000000006e68000 	/System/Library/Frameworks/Carbon.framework/Versions/A/Frameworks/CommonPanels.framework/Versions/A/CommonPanels
0x0000000006e68000 	/System/Library/Frameworks/Carbon.framework/Versions/A/Frameworks/Help.framework/Versions/A/Help
0x0000000006e68000 	/System/Library/Frameworks/Carbon.framework/Versions/A/Frameworks/ImageCapture.framework/Versions/A/ImageCapture
0x0000000006e68000 	/System/Library/Frameworks/Carbon.framework/Versions/A/Frameworks/OpenScripting.framework/Versions/A/OpenScripting
0x0000000006e68000 	/System/Library/Frameworks/Carbon.framework/Versions/A/Frameworks/Print.framework/Versions/A/Print
0x0000000006e68000 	/System/Library/Frameworks/Carbon.framework/Versions/A/Frameworks/SecurityHI.framework/Versions/A/SecurityHI
0x0000000123010000 	/Applications/IntelliJ IDEA.app/Contents/bin/libbreakgen64.jnilib
0x0000000123013000 	/Library/Java/JavaVirtualMachines/jdk1.8.0_31.jdk/Contents/Home/jre/lib/libnet.dylib
0x0000000123095000 	/Library/Java/JavaVirtualMachines/jdk1.8.0_31.jdk/Contents/Home/jre/lib/libawt.dylib
0x0000000123144000 	/Library/Java/JavaVirtualMachines/jdk1.8.0_31.jdk/Contents/Home/jre/lib/./libmlib_image.dylib
0x0000000123210000 	/Library/Java/JavaVirtualMachines/jdk1.8.0_31.jdk/Contents/Home/jre/lib/libawt_lwawt.dylib
0x00000001232c3000 	/Library/Java/JavaVirtualMachines/jdk1.8.0_31.jdk/Contents/Home/jre/lib/./libosxapp.dylib
0x0000000006e68000 	/System/Library/Frameworks/ExceptionHandling.framework/Versions/A/ExceptionHandling
0x0000000006e68000 	/System/Library/PrivateFrameworks/CoreServicesInternal.framework/Versions/A/CoreServicesInternal
0x0000000006e68000 	/System/Library/Frameworks/CoreGraphics.framework/Versions/A/Resources/libRIP.A.dylib
0x00000001242b2000 	/System/Library/Frameworks/Accelerate.framework/Frameworks/vImage.framework/Versions/A/Libraries/libCGInterfaces.dylib
0x0000000006e68000 	/System/Library/PrivateFrameworks/FamilyControls.framework/Versions/A/FamilyControls
0x0000000006e68000 	/System/Library/PrivateFrameworks/CommerceKit.framework/Versions/A/Frameworks/CommerceCore.framework/Versions/A/CommerceCore
0x0000000006e68000 	/System/Library/PrivateFrameworks/SystemAdministration.framework/Versions/A/SystemAdministration
0x0000000006e68000 	/System/Library/PrivateFrameworks/AppContainer.framework/Versions/A/AppContainer
0x0000000006e68000 	/System/Library/PrivateFrameworks/SecCodeWrapper.framework/Versions/A/SecCodeWrapper
0x0000000006e68000 	/System/Library/Frameworks/DirectoryService.framework/Versions/A/DirectoryService
0x0000000006e68000 	/System/Library/PrivateFrameworks/DiskImages.framework/Versions/A/DiskImages
0x0000000006e68000 	/System/Library/PrivateFrameworks/LoginUIKit.framework/Versions/A/Frameworks/LoginUICore.framework/Versions/A/LoginUICore
0x0000000006e68000 	/usr/lib/libCoreStorage.dylib
0x0000000006e68000 	/usr/lib/libcsfde.dylib
0x0000000006e68000 	/usr/lib/libodfde.dylib
0x0000000006e68000 	/System/Library/Frameworks/DiscRecording.framework/Versions/A/DiscRecording
0x0000000006e68000 	/usr/lib/libcurl.4.dylib
0x0000000006e68000 	/System/Library/PrivateFrameworks/MediaKit.framework/Versions/A/MediaKit
0x0000000006e68000 	/System/Library/PrivateFrameworks/ProtectedCloudStorage.framework/Versions/A/ProtectedCloudStorage
0x0000000006e68000 	/System/Library/PrivateFrameworks/EFILogin.framework/Versions/A/EFILogin
0x0000000006e68000 	/usr/lib/libutil.dylib
0x0000000006e68000 	/System/Library/PrivateFrameworks/FindMyDevice.framework/Versions/A/FindMyDevice
0x0000000006e68000 	/System/Library/Frameworks/LDAP.framework/Versions/A/LDAP
0x0000000006e68000 	/usr/lib/libsasl2.2.dylib
0x0000000006e68000 	/System/Library/PrivateFrameworks/CoreDaemon.framework/Versions/B/CoreDaemon
0x0000000006e68000 	/usr/lib/libcrypto.0.9.8.dylib
0x0000000006e68000 	/System/Library/PrivateFrameworks/AppleSRP.framework/Versions/A/AppleSRP
0x0000000006e68000 	/System/Library/PrivateFrameworks/TrustEvaluationAgent.framework/Versions/A/TrustEvaluationAgent
0x0000000125571000 	/Library/Java/JavaVirtualMachines/jdk1.8.0_31.jdk/Contents/Home/jre/lib/libfontmanager.dylib
0x00000001255d8000 	/System/Library/Frameworks/OpenGL.framework/Resources/GLEngine.bundle/GLEngine
0x0000000006e68000 	/System/Library/Frameworks/OpenGL.framework/Versions/A/Libraries/libGLProgrammability.dylib
0x00000001257c0000 	/System/Library/Extensions/AppleIntelHD5000GraphicsGLDriver.bundle/Contents/MacOS/AppleIntelHD5000GraphicsGLDriver
0x0000000006e68000 	/System/Library/PrivateFrameworks/GPUSupport.framework/Versions/A/Libraries/libGPUSupportMercury.dylib
0x0000000125f0f000 	/System/Library/Frameworks/OpenGL.framework/Resources//GLRendererFloat.bundle/GLRendererFloat
0x0000000006e68000 	/System/Library/Frameworks/OpenCL.framework/Versions/A/Libraries/libcldcpuengine.dylib
0x00000001267ee000 	/Library/Java/JavaVirtualMachines/jdk1.8.0_31.jdk/Contents/Home/jre/lib/libosxui.dylib
0x0000000127766000 	/Library/Java/JavaVirtualMachines/jdk1.8.0_31.jdk/Contents/Home/jre/lib/libmanagement.dylib
0x0000000006e68000 	/System/Library/Frameworks/CoreGraphics.framework/Versions/A/Resources/libCGXType.A.dylib
0x000000012e0d8000 	/System/Library/Extensions/AppleIntelHD5000GraphicsMTLDriver.bundle/Contents/MacOS/AppleIntelHD5000GraphicsMTLDriver
0x00000001293ea000 	/private/var/folders/c2/2wy2g_gs4z77nqhwwtfcryxr0000gn/T/processing3359244110497146219menubar/libjAppleMenuBar.jnilib

VM Arguments:
jvm_args: -Didea.launcher.port=7532 -Didea.launcher.bin.path=/Applications/IntelliJ IDEA.app/Contents/bin -Dfile.encoding=UTF-8 
java_command: com.intellij.rt.execution.application.AppMain CB.Master.ChatBot
java_class_path (initial): /Library/Java/JavaVirtualMachines/jdk1.8.0_31.jdk/Contents/Home/jre/lib/charsets.jar:/Library/Java/JavaVirtualMachines/jdk1.8.0_31.jdk/Contents/Home/jre/lib/deploy.jar:/Library/Java/JavaVirtualMachines/jdk1.8.0_31.jdk/Contents/Home/jre/lib/ext/cldrdata.jar:/Library/Java/JavaVirtualMachines/jdk1.8.0_31.jdk/Contents/Home/jre/lib/ext/dnsns.jar:/Library/Java/JavaVirtualMachines/jdk1.8.0_31.jdk/Contents/Home/jre/lib/ext/jfxrt.jar:/Library/Java/JavaVirtualMachines/jdk1.8.0_31.jdk/Contents/Home/jre/lib/ext/localedata.jar:/Library/Java/JavaVirtualMachines/jdk1.8.0_31.jdk/Contents/Home/jre/lib/ext/nashorn.jar:/Library/Java/JavaVirtualMachines/jdk1.8.0_31.jdk/Contents/Home/jre/lib/ext/sunec.jar:/Library/Java/JavaVirtualMachines/jdk1.8.0_31.jdk/Contents/Home/jre/lib/ext/sunjce_provider.jar:/Library/Java/JavaVirtualMachines/jdk1.8.0_31.jdk/Contents/Home/jre/lib/ext/sunpkcs11.jar:/Library/Java/JavaVirtualMachines/jdk1.8.0_31.jdk/Contents/Home/jre/lib/ext/zipfs.jar:/Library/Java/JavaVirtualMachines/jdk1.8.0_31.jdk/Contents/Home/jre/lib/javaws.jar:/Library/Java/JavaVirtualMachines/jdk1.8.0_31.jdk/Contents/Home/jre/lib/jce.jar:/Library/Java/JavaVirtualMachines/jdk1.8.0_31.jdk/Contents/Home/jre/lib/jfr.jar:/Library/Java/JavaVirtualMachines/jdk1.8.0_31.jdk/Contents/Home/jre/lib/jfxswt.jar:/Library/Java/JavaVirtualMachines/jdk1.8.0_31.jdk/Contents/Home/jre/lib/jsse.jar:/Library/Java/JavaVirtualMachines/jdk1.8.0_31.jdk/Contents/Home/jre/lib/management-agent.jar:/Library/Java/JavaVirtualMachines/jdk1.8.0_31.jdk/Contents/Home/jre/lib/plugin.jar:/Library/Java/JavaVirtualMachines/jdk1.8.0_31.jdk/Contents/Home/jre/lib/resources.jar:/Library/Java/JavaVirtualMachines/jdk1.8.0_31.jdk/Contents/Home/jre/lib/rt.jar:/Library/Java/JavaVirtualMachines/jdk1.8.0_31.jdk/Contents/Home/lib/ant-javafx.jar:/Library/Java/JavaVirtualMachines/jdk1.8.0_31.jdk/Contents/Home/lib/dt.jar:/Library/Java/JavaVirtualMachines/jdk1.8.0_31.jdk/Contents/Home/lib/javafx-mx.jar:/Library/Java/Jav
Launcher Type: SUN_STANDARD

Environment Variables:
JAVA_HOME=/Library/Java/JavaVirtualMachines/jdk1.8.0_31.jdk/Contents/Home
PATH=/usr/local/bin:/usr/bin:/bin:/usr/sbin:/sbin:/usr/local/git/bin
SHELL=/bin/bash

Signal Handlers:
SIGSEGV: [libjvm.dylib+0x57a0e7], sa_mask[0]=11111111011111110111111111111111, sa_flags=SA_ONSTACK|SA_RESTART|SA_SIGINFO
SIGBUS: [libjvm.dylib+0x57a0e7], sa_mask[0]=11111111011111110111111111111111, sa_flags=SA_RESTART|SA_SIGINFO
SIGFPE: [libjvm.dylib+0x45af24], sa_mask[0]=11111111011111110111111111111111, sa_flags=SA_RESTART|SA_SIGINFO
SIGPIPE: [libjvm.dylib+0x45af24], sa_mask[0]=11111111011111110111111111111111, sa_flags=SA_RESTART|SA_SIGINFO
SIGXFSZ: [libjvm.dylib+0x45af24], sa_mask[0]=11111111011111110111111111111111, sa_flags=SA_RESTART|SA_SIGINFO
SIGILL: [libjvm.dylib+0x45af24], sa_mask[0]=11111111011111110111111111111111, sa_flags=SA_RESTART|SA_SIGINFO
SIGUSR1: SIG_DFL, sa_mask[0]=00000000000000000000000000000000, sa_flags=none
SIGUSR2: [libjvm.dylib+0x45aa42], sa_mask[0]=00100000000000000000000000000000, sa_flags=SA_RESTART|SA_SIGINFO
SIGHUP: [libjvm.dylib+0x459015], sa_mask[0]=11111111011111110111111111111111, sa_flags=SA_RESTART|SA_SIGINFO
SIGINT: [libjvm.dylib+0x459015], sa_mask[0]=11111111011111110111111111111111, sa_flags=SA_RESTART|SA_SIGINFO
SIGTERM: [libjvm.dylib+0x459015], sa_mask[0]=11111111011111110111111111111111, sa_flags=SA_RESTART|SA_SIGINFO
SIGQUIT: [libjvm.dylib+0x459015], sa_mask[0]=11111111011111110111111111111111, sa_flags=SA_RESTART|SA_SIGINFO


---------------  S Y S T E M  ---------------

OS:Bsduname:Darwin 15.4.0 Darwin Kernel Version 15.4.0: Fri Feb 26 22:08:05 PST 2016; root:xnu-3248.40.184~3/RELEASE_X86_64 x86_64
rlimit: STACK 8192k, CORE 0k, NPROC 709, NOFILE 10240, AS infinity
load average:12.02 4.90 3.41

CPU:total 4 (2 cores per cpu, 2 threads per core) family 6 model 69 stepping 1, cmov, cx8, fxsr, mmx, sse, sse2, sse3, ssse3, sse4.1, sse4.2, popcnt, avx, avx2, aes, clmul, erms, lzcnt, ht, tsc, tscinvbit, bmi1, bmi2

Memory: 4k page, physical 16777216k(2885148k free)

/proc/meminfo:


vm_info: Java HotSpot(TM) 64-Bit Server VM (25.31-b07) for bsd-amd64 JRE (1.8.0_31-b13), built on Dec 17 2014 20:45:36 by "java_re" with gcc 4.2.1 (Based on Apple Inc. build 5658) (LLVM build 2336.11.00)

time: Wed Apr 20 11:27:39 2016
elapsed time: 1 seconds (0d 0h 0m 1s)

